0 verbose cli /usr/local/bin/node /usr/local/bin/npm
1 info using npm@10.9.2
2 info using node@v22.16.0
3 silly config load:file:/usr/local/lib/node_modules/npm/npmrc
4 silly config load:file:/Users/sawa/mangamura-project/frontend/.npmrc
5 silly config load:file:/Users/sawa/.npmrc
6 silly config load:file:/usr/local/etc/npmrc
7 verbose title npm install react-easy-crop
8 verbose argv "install" "react-easy-crop" "--cache" "./.npm-cache"
9 verbose logfile logs-max:10 dir:/Users/sawa/mangamura-project/frontend/.npm-cache/_logs/2025-11-07T08_41_27_544Z-
10 verbose logfile /Users/sawa/mangamura-project/frontend/.npm-cache/_logs/2025-11-07T08_41_27_544Z-debug-0.log
11 silly logfile done cleaning log files
12 silly packumentCache heap:4345298944 maxSize:1086324736 maxEntrySize:543162368
13 silly idealTree buildDeps
14 silly fetch manifest react-easy-crop@*
15 silly packumentCache full:https://registry.npmjs.org/react-easy-crop cache-miss
16 http fetch GET 200 https://registry.npmjs.org/react-easy-crop 229ms (cache miss)
17 silly packumentCache full:https://registry.npmjs.org/react-easy-crop set size:undefined disposed:false
18 silly fetch manifest react@19.1.0
19 silly packumentCache full:https://registry.npmjs.org/react cache-miss
20 http fetch GET 200 https://registry.npmjs.org/npm 299ms
21 http fetch GET 200 https://registry.npmjs.org/react 342ms (cache miss)
22 silly packumentCache full:https://registry.npmjs.org/react set size:undefined disposed:false
23 silly fetch manifest react-dom@19.1.0
24 silly packumentCache full:https://registry.npmjs.org/react-dom cache-miss
25 http fetch GET 200 https://registry.npmjs.org/react-dom 337ms (cache miss)
26 silly packumentCache full:https://registry.npmjs.org/react-dom set size:undefined disposed:false
27 silly placeDep ROOT react-easy-crop@5.5.3 OK for: frontend@0.1.0 want: *
28 silly fetch manifest normalize-wheel@^1.0.1
29 silly packumentCache full:https://registry.npmjs.org/normalize-wheel cache-miss
30 http fetch GET 200 https://registry.npmjs.org/normalize-wheel 86ms (cache miss)
31 silly packumentCache full:https://registry.npmjs.org/normalize-wheel set size:undefined disposed:false
32 silly placeDep ROOT normalize-wheel@1.0.1 OK for: react-easy-crop@5.5.3 want: ^1.0.1
33 silly reify moves {}
34 verbose reify failed optional dependency /Users/sawa/mangamura-project/frontend/node_modules/@tailwindcss/oxide-wasm32-wasi
35 silly reify mark deleted [
35 silly reify   '/Users/sawa/mangamura-project/frontend/node_modules/@tailwindcss/oxide-wasm32-wasi'
35 silly reify ]
36 silly audit bulk request {
36 silly audit   '@alloc/quick-lru': [ '5.2.0' ],
36 silly audit   '@emnapi/runtime': [ '1.5.0' ],
36 silly audit   '@img/colour': [ '1.0.0' ],
36 silly audit   '@img/sharp-darwin-arm64': [ '0.34.4' ],
36 silly audit   '@img/sharp-darwin-x64': [ '0.34.4' ],
36 silly audit   '@img/sharp-libvips-darwin-arm64': [ '1.2.3' ],
36 silly audit   '@img/sharp-libvips-darwin-x64': [ '1.2.3' ],
36 silly audit   '@img/sharp-libvips-linux-arm': [ '1.2.3' ],
36 silly audit   '@img/sharp-libvips-linux-arm64': [ '1.2.3' ],
36 silly audit   '@img/sharp-libvips-linux-ppc64': [ '1.2.3' ],
36 silly audit   '@img/sharp-libvips-linux-s390x': [ '1.2.3' ],
36 silly audit   '@img/sharp-libvips-linux-x64': [ '1.2.3' ],
36 silly audit   '@img/sharp-libvips-linuxmusl-arm64': [ '1.2.3' ],
36 silly audit   '@img/sharp-libvips-linuxmusl-x64': [ '1.2.3' ],
36 silly audit   '@img/sharp-linux-arm': [ '0.34.4' ],
36 silly audit   '@img/sharp-linux-arm64': [ '0.34.4' ],
36 silly audit   '@img/sharp-linux-ppc64': [ '0.34.4' ],
36 silly audit   '@img/sharp-linux-s390x': [ '0.34.4' ],
36 silly audit   '@img/sharp-linux-x64': [ '0.34.4' ],
36 silly audit   '@img/sharp-linuxmusl-arm64': [ '0.34.4' ],
36 silly audit   '@img/sharp-linuxmusl-x64': [ '0.34.4' ],
36 silly audit   '@img/sharp-wasm32': [ '0.34.4' ],
36 silly audit   '@img/sharp-win32-arm64': [ '0.34.4' ],
36 silly audit   '@img/sharp-win32-ia32': [ '0.34.4' ],
36 silly audit   '@img/sharp-win32-x64': [ '0.34.4' ],
36 silly audit   '@isaacs/fs-minipass': [ '4.0.1' ],
36 silly audit   '@jridgewell/gen-mapping': [ '0.3.13' ],
36 silly audit   '@jridgewell/remapping': [ '2.3.5' ],
36 silly audit   '@jridgewell/resolve-uri': [ '3.1.2' ],
36 silly audit   '@jridgewell/sourcemap-codec': [ '1.5.5' ],
36 silly audit   '@jridgewell/trace-mapping': [ '0.3.31' ],
36 silly audit   '@next/env': [ '15.5.4' ],
36 silly audit   '@next/swc-darwin-arm64': [ '15.5.4' ],
36 silly audit   '@next/swc-darwin-x64': [ '15.5.4' ],
36 silly audit   '@next/swc-linux-arm64-gnu': [ '15.5.4' ],
36 silly audit   '@next/swc-linux-arm64-musl': [ '15.5.4' ],
36 silly audit   '@next/swc-linux-x64-gnu': [ '15.5.4' ],
36 silly audit   '@next/swc-linux-x64-musl': [ '15.5.4' ],
36 silly audit   '@next/swc-win32-arm64-msvc': [ '15.5.4' ],
36 silly audit   '@next/swc-win32-x64-msvc': [ '15.5.4' ],
36 silly audit   '@swc/helpers': [ '0.5.15' ],
36 silly audit   '@tailwindcss/node': [ '4.1.14' ],
36 silly audit   '@tailwindcss/oxide': [ '4.1.14' ],
36 silly audit   '@tailwindcss/oxide-android-arm64': [ '4.1.14' ],
36 silly audit   '@tailwindcss/oxide-darwin-arm64': [ '4.1.14' ],
36 silly audit   '@tailwindcss/oxide-darwin-x64': [ '4.1.14' ],
36 silly audit   '@tailwindcss/oxide-freebsd-x64': [ '4.1.14' ],
36 silly audit   '@tailwindcss/oxide-linux-arm-gnueabihf': [ '4.1.14' ],
36 silly audit   '@tailwindcss/oxide-linux-arm64-gnu': [ '4.1.14' ],
36 silly audit   '@tailwindcss/oxide-linux-arm64-musl': [ '4.1.14' ],
36 silly audit   '@tailwindcss/oxide-linux-x64-gnu': [ '4.1.14' ],
36 silly audit   '@tailwindcss/oxide-linux-x64-musl': [ '4.1.14' ],
36 silly audit   '@tailwindcss/oxide-win32-arm64-msvc': [ '4.1.14' ],
36 silly audit   '@tailwindcss/oxide-win32-x64-msvc': [ '4.1.14' ],
36 silly audit   '@tailwindcss/postcss': [ '4.1.14' ],
36 silly audit   '@types/node': [ '20.19.20' ],
36 silly audit   '@types/react': [ '19.2.2' ],
36 silly audit   '@types/react-dom': [ '19.2.1' ],
36 silly audit   'caniuse-lite': [ '1.0.30001749' ],
36 silly audit   chownr: [ '3.0.0' ],
36 silly audit   'client-only': [ '0.0.1' ],
36 silly audit   csstype: [ '3.1.3' ],
36 silly audit   'detect-libc': [ '2.1.2' ],
36 silly audit   'enhanced-resolve': [ '5.18.3' ],
36 silly audit   'graceful-fs': [ '4.2.11' ],
36 silly audit   jiti: [ '2.6.1' ],
36 silly audit   lightningcss: [ '1.30.1' ],
36 silly audit   'lightningcss-darwin-arm64': [ '1.30.1' ],
36 silly audit   'lightningcss-darwin-x64': [ '1.30.1' ],
36 silly audit   'lightningcss-freebsd-x64': [ '1.30.1' ],
36 silly audit   'lightningcss-linux-arm-gnueabihf': [ '1.30.1' ],
36 silly audit   'lightningcss-linux-arm64-gnu': [ '1.30.1' ],
36 silly audit   'lightningcss-linux-arm64-musl': [ '1.30.1' ],
36 silly audit   'lightningcss-linux-x64-gnu': [ '1.30.1' ],
36 silly audit   'lightningcss-linux-x64-musl': [ '1.30.1' ],
36 silly audit   'lightningcss-win32-arm64-msvc': [ '1.30.1' ],
36 silly audit   'lightningcss-win32-x64-msvc': [ '1.30.1' ],
36 silly audit   'magic-string': [ '0.30.19' ],
36 silly audit   minipass: [ '7.1.2' ],
36 silly audit   minizlib: [ '3.1.0' ],
36 silly audit   nanoid: [ '3.3.11' ],
36 silly audit   next: [ '15.5.4' ],
36 silly audit   postcss: [ '8.4.31', '8.5.6' ],
36 silly audit   picocolors: [ '1.1.1' ],
36 silly audit   react: [ '19.1.0' ],
36 silly audit   'react-dom': [ '19.1.0' ],
36 silly audit   scheduler: [ '0.26.0' ],
36 silly audit   semver: [ '7.7.3' ],
36 silly audit   sharp: [ '0.34.4' ],
36 silly audit   'source-map-js': [ '1.2.1' ],
36 silly audit   'styled-jsx': [ '5.1.6' ],
36 silly audit   tailwindcss: [ '4.1.14' ],
36 silly audit   tapable: [ '2.3.0' ],
36 silly audit   tar: [ '7.5.1' ],
36 silly audit   tslib: [ '2.8.1' ],
36 silly audit   typescript: [ '5.9.3' ],
36 silly audit   'undici-types': [ '6.21.0' ],
36 silly audit   yallist: [ '5.0.0' ],
36 silly audit   'react-easy-crop': [ '5.5.3' ],
36 silly audit   'normalize-wheel': [ '1.0.1' ],
36 silly audit   '@tailwindcss/oxide-wasm32-wasi': [ '4.1.14' ]
36 silly audit }
37 verbose reify failed optional dependency /Users/sawa/mangamura-project/frontend/node_modules/lightningcss-win32-x64-msvc
38 silly reify mark deleted [
38 silly reify   '/Users/sawa/mangamura-project/frontend/node_modules/lightningcss-win32-x64-msvc'
38 silly reify ]
39 verbose reify failed optional dependency /Users/sawa/mangamura-project/frontend/node_modules/lightningcss-win32-arm64-msvc
40 silly reify mark deleted [
40 silly reify   '/Users/sawa/mangamura-project/frontend/node_modules/lightningcss-win32-arm64-msvc'
40 silly reify ]
41 verbose reify failed optional dependency /Users/sawa/mangamura-project/frontend/node_modules/lightningcss-linux-x64-musl
42 silly reify mark deleted [
42 silly reify   '/Users/sawa/mangamura-project/frontend/node_modules/lightningcss-linux-x64-musl'
42 silly reify ]
43 verbose reify failed optional dependency /Users/sawa/mangamura-project/frontend/node_modules/lightningcss-linux-x64-gnu
44 silly reify mark deleted [
44 silly reify   '/Users/sawa/mangamura-project/frontend/node_modules/lightningcss-linux-x64-gnu'
44 silly reify ]
45 verbose reify failed optional dependency /Users/sawa/mangamura-project/frontend/node_modules/lightningcss-linux-arm-gnueabihf
46 silly reify mark deleted [
46 silly reify   '/Users/sawa/mangamura-project/frontend/node_modules/lightningcss-linux-arm-gnueabihf'
46 silly reify ]
47 verbose reify failed optional dependency /Users/sawa/mangamura-project/frontend/node_modules/lightningcss-freebsd-x64
48 silly reify mark deleted [
48 silly reify   '/Users/sawa/mangamura-project/frontend/node_modules/lightningcss-freebsd-x64'
48 silly reify ]
49 verbose reify failed optional dependency /Users/sawa/mangamura-project/frontend/node_modules/lightningcss-darwin-x64
50 silly reify mark deleted [
50 silly reify   '/Users/sawa/mangamura-project/frontend/node_modules/lightningcss-darwin-x64'
50 silly reify ]
51 verbose reify failed optional dependency /Users/sawa/mangamura-project/frontend/node_modules/@tailwindcss/oxide-win32-x64-msvc
52 silly reify mark deleted [
52 silly reify   '/Users/sawa/mangamura-project/frontend/node_modules/@tailwindcss/oxide-win32-x64-msvc'
52 silly reify ]
53 verbose reify failed optional dependency /Users/sawa/mangamura-project/frontend/node_modules/@tailwindcss/oxide-win32-arm64-msvc
54 silly reify mark deleted [
54 silly reify   '/Users/sawa/mangamura-project/frontend/node_modules/@tailwindcss/oxide-win32-arm64-msvc'
54 silly reify ]
55 verbose reify failed optional dependency /Users/sawa/mangamura-project/frontend/node_modules/@tailwindcss/oxide-linux-x64-musl
56 silly reify mark deleted [
56 silly reify   '/Users/sawa/mangamura-project/frontend/node_modules/@tailwindcss/oxide-linux-x64-musl'
56 silly reify ]
57 verbose reify failed optional dependency /Users/sawa/mangamura-project/frontend/node_modules/@tailwindcss/oxide-linux-x64-gnu
58 silly reify mark deleted [
58 silly reify   '/Users/sawa/mangamura-project/frontend/node_modules/@tailwindcss/oxide-linux-x64-gnu'
58 silly reify ]
59 verbose reify failed optional dependency /Users/sawa/mangamura-project/frontend/node_modules/@tailwindcss/oxide-linux-arm-gnueabihf
60 silly reify mark deleted [
60 silly reify   '/Users/sawa/mangamura-project/frontend/node_modules/@tailwindcss/oxide-linux-arm-gnueabihf'
60 silly reify ]
61 verbose reify failed optional dependency /Users/sawa/mangamura-project/frontend/node_modules/@tailwindcss/oxide-freebsd-x64
62 silly reify mark deleted [
62 silly reify   '/Users/sawa/mangamura-project/frontend/node_modules/@tailwindcss/oxide-freebsd-x64'
62 silly reify ]
63 verbose reify failed optional dependency /Users/sawa/mangamura-project/frontend/node_modules/@tailwindcss/oxide-darwin-x64
64 silly reify mark deleted [
64 silly reify   '/Users/sawa/mangamura-project/frontend/node_modules/@tailwindcss/oxide-darwin-x64'
64 silly reify ]
65 verbose reify failed optional dependency /Users/sawa/mangamura-project/frontend/node_modules/@tailwindcss/oxide-android-arm64
66 silly reify mark deleted [
66 silly reify   '/Users/sawa/mangamura-project/frontend/node_modules/@tailwindcss/oxide-android-arm64'
66 silly reify ]
67 verbose reify failed optional dependency /Users/sawa/mangamura-project/frontend/node_modules/@next/swc-win32-x64-msvc
68 silly reify mark deleted [
68 silly reify   '/Users/sawa/mangamura-project/frontend/node_modules/@next/swc-win32-x64-msvc'
68 silly reify ]
69 verbose reify failed optional dependency /Users/sawa/mangamura-project/frontend/node_modules/@next/swc-win32-arm64-msvc
70 silly reify mark deleted [
70 silly reify   '/Users/sawa/mangamura-project/frontend/node_modules/@next/swc-win32-arm64-msvc'
70 silly reify ]
71 verbose reify failed optional dependency /Users/sawa/mangamura-project/frontend/node_modules/@next/swc-linux-x64-musl
72 silly reify mark deleted [
72 silly reify   '/Users/sawa/mangamura-project/frontend/node_modules/@next/swc-linux-x64-musl'
72 silly reify ]
73 verbose reify failed optional dependency /Users/sawa/mangamura-project/frontend/node_modules/@next/swc-linux-x64-gnu
74 silly reify mark deleted [
74 silly reify   '/Users/sawa/mangamura-project/frontend/node_modules/@next/swc-linux-x64-gnu'
74 silly reify ]
75 verbose reify failed optional dependency /Users/sawa/mangamura-project/frontend/node_modules/@next/swc-darwin-x64
76 silly reify mark deleted [
76 silly reify   '/Users/sawa/mangamura-project/frontend/node_modules/@next/swc-darwin-x64'
76 silly reify ]
77 verbose reify failed optional dependency /Users/sawa/mangamura-project/frontend/node_modules/@img/sharp-win32-x64
78 silly reify mark deleted [
78 silly reify   '/Users/sawa/mangamura-project/frontend/node_modules/@img/sharp-win32-x64'
78 silly reify ]
79 verbose reify failed optional dependency /Users/sawa/mangamura-project/frontend/node_modules/@img/sharp-win32-ia32
80 silly reify mark deleted [
80 silly reify   '/Users/sawa/mangamura-project/frontend/node_modules/@img/sharp-win32-ia32'
80 silly reify ]
81 verbose reify failed optional dependency /Users/sawa/mangamura-project/frontend/node_modules/@img/sharp-win32-arm64
82 silly reify mark deleted [
82 silly reify   '/Users/sawa/mangamura-project/frontend/node_modules/@img/sharp-win32-arm64'
82 silly reify ]
83 verbose reify failed optional dependency /Users/sawa/mangamura-project/frontend/node_modules/@img/sharp-wasm32
84 silly reify mark deleted [
84 silly reify   '/Users/sawa/mangamura-project/frontend/node_modules/@img/sharp-wasm32'
84 silly reify ]
85 verbose reify failed optional dependency /Users/sawa/mangamura-project/frontend/node_modules/@img/sharp-linuxmusl-x64
86 silly reify mark deleted [
86 silly reify   '/Users/sawa/mangamura-project/frontend/node_modules/@img/sharp-linuxmusl-x64'
86 silly reify ]
87 verbose reify failed optional dependency /Users/sawa/mangamura-project/frontend/node_modules/@img/sharp-linux-x64
88 silly reify mark deleted [
88 silly reify   '/Users/sawa/mangamura-project/frontend/node_modules/@img/sharp-linux-x64'
88 silly reify ]
89 verbose reify failed optional dependency /Users/sawa/mangamura-project/frontend/node_modules/@img/sharp-linux-s390x
90 silly reify mark deleted [
90 silly reify   '/Users/sawa/mangamura-project/frontend/node_modules/@img/sharp-linux-s390x'
90 silly reify ]
91 verbose reify failed optional dependency /Users/sawa/mangamura-project/frontend/node_modules/@img/sharp-linux-ppc64
92 silly reify mark deleted [
92 silly reify   '/Users/sawa/mangamura-project/frontend/node_modules/@img/sharp-linux-ppc64'
92 silly reify ]
93 verbose reify failed optional dependency /Users/sawa/mangamura-project/frontend/node_modules/@img/sharp-linux-arm
94 silly reify mark deleted [
94 silly reify   '/Users/sawa/mangamura-project/frontend/node_modules/@img/sharp-linux-arm'
94 silly reify ]
95 verbose reify failed optional dependency /Users/sawa/mangamura-project/frontend/node_modules/@img/sharp-libvips-linuxmusl-x64
96 silly reify mark deleted [
96 silly reify   '/Users/sawa/mangamura-project/frontend/node_modules/@img/sharp-libvips-linuxmusl-x64'
96 silly reify ]
97 verbose reify failed optional dependency /Users/sawa/mangamura-project/frontend/node_modules/@img/sharp-libvips-linux-x64
98 silly reify mark deleted [
98 silly reify   '/Users/sawa/mangamura-project/frontend/node_modules/@img/sharp-libvips-linux-x64'
98 silly reify ]
99 verbose reify failed optional dependency /Users/sawa/mangamura-project/frontend/node_modules/@img/sharp-libvips-linux-s390x
100 silly reify mark deleted [
100 silly reify   '/Users/sawa/mangamura-project/frontend/node_modules/@img/sharp-libvips-linux-s390x'
100 silly reify ]
101 verbose reify failed optional dependency /Users/sawa/mangamura-project/frontend/node_modules/@img/sharp-libvips-linux-ppc64
102 silly reify mark deleted [
102 silly reify   '/Users/sawa/mangamura-project/frontend/node_modules/@img/sharp-libvips-linux-ppc64'
102 silly reify ]
103 verbose reify failed optional dependency /Users/sawa/mangamura-project/frontend/node_modules/@img/sharp-libvips-linux-arm
104 silly reify mark deleted [
104 silly reify   '/Users/sawa/mangamura-project/frontend/node_modules/@img/sharp-libvips-linux-arm'
104 silly reify ]
105 verbose reify failed optional dependency /Users/sawa/mangamura-project/frontend/node_modules/@img/sharp-libvips-darwin-x64
106 silly reify mark deleted [
106 silly reify   '/Users/sawa/mangamura-project/frontend/node_modules/@img/sharp-libvips-darwin-x64'
106 silly reify ]
107 verbose reify failed optional dependency /Users/sawa/mangamura-project/frontend/node_modules/@img/sharp-darwin-x64
108 silly reify mark deleted [
108 silly reify   '/Users/sawa/mangamura-project/frontend/node_modules/@img/sharp-darwin-x64'
108 silly reify ]
109 http cache normalize-wheel@https://registry.npmjs.org/normalize-wheel/-/normalize-wheel-1.0.1.tgz 0ms (cache hit)
110 http cache lightningcss-darwin-arm64@https://registry.npmjs.org/lightningcss-darwin-arm64/-/lightningcss-darwin-arm64-1.30.1.tgz 0ms (cache hit)
111 http cache @tailwindcss/oxide-darwin-arm64@https://registry.npmjs.org/@tailwindcss/oxide-darwin-arm64/-/oxide-darwin-arm64-4.1.14.tgz 0ms (cache hit)
112 http cache @img/sharp-libvips-darwin-arm64@https://registry.npmjs.org/@img/sharp-libvips-darwin-arm64/-/sharp-libvips-darwin-arm64-1.2.3.tgz 0ms (cache hit)
113 http cache @next/swc-darwin-arm64@https://registry.npmjs.org/@next/swc-darwin-arm64/-/swc-darwin-arm64-15.5.4.tgz 0ms (cache hit)
114 http cache @img/sharp-darwin-arm64@https://registry.npmjs.org/@img/sharp-darwin-arm64/-/sharp-darwin-arm64-0.34.4.tgz 0ms (cache hit)
115 http cache react-easy-crop@https://registry.npmjs.org/react-easy-crop/-/react-easy-crop-5.5.3.tgz 0ms (cache hit)
116 silly tarball no local data for normalize-wheel@https://registry.npmjs.org/normalize-wheel/-/normalize-wheel-1.0.1.tgz. Extracting by manifest.
117 silly tarball no local data for lightningcss-darwin-arm64@https://registry.npmjs.org/lightningcss-darwin-arm64/-/lightningcss-darwin-arm64-1.30.1.tgz. Extracting by manifest.
118 silly tarball no local data for @tailwindcss/oxide-darwin-arm64@https://registry.npmjs.org/@tailwindcss/oxide-darwin-arm64/-/oxide-darwin-arm64-4.1.14.tgz. Extracting by manifest.
119 silly tarball no local data for @img/sharp-libvips-darwin-arm64@https://registry.npmjs.org/@img/sharp-libvips-darwin-arm64/-/sharp-libvips-darwin-arm64-1.2.3.tgz. Extracting by manifest.
120 silly tarball no local data for @next/swc-darwin-arm64@https://registry.npmjs.org/@next/swc-darwin-arm64/-/swc-darwin-arm64-15.5.4.tgz. Extracting by manifest.
121 silly tarball no local data for @img/sharp-darwin-arm64@https://registry.npmjs.org/@img/sharp-darwin-arm64/-/sharp-darwin-arm64-0.34.4.tgz. Extracting by manifest.
122 silly tarball no local data for react-easy-crop@https://registry.npmjs.org/react-easy-crop/-/react-easy-crop-5.5.3.tgz. Extracting by manifest.
123 http fetch GET 200 https://registry.npmjs.org/normalize-wheel/-/normalize-wheel-1.0.1.tgz 90ms (cache miss)
124 http fetch GET 200 https://registry.npmjs.org/react-easy-crop/-/react-easy-crop-5.5.3.tgz 215ms (cache miss)
125 http fetch POST 200 https://registry.npmjs.org/-/npm/v1/security/advisories/bulk 251ms
126 silly audit report {
126 silly audit report   tar: [
126 silly audit report     {
126 silly audit report       id: 1109463,
126 silly audit report       url: 'https://github.com/advisories/GHSA-29xp-372q-xqph',
126 silly audit report       title: 'node-tar has a race condition leading to uninitialized memory exposure',
126 silly audit report       severity: 'moderate',
126 silly audit report       vulnerable_versions: '=7.5.1',
126 silly audit report       cwe: [Array],
126 silly audit report       cvss: [Object]
126 silly audit report     }
126 silly audit report   ]
126 silly audit report }
127 silly packumentCache corgi:https://registry.npmjs.org/tar cache-miss
128 http fetch GET 200 https://registry.npmjs.org/@img/sharp-darwin-arm64/-/sharp-darwin-arm64-0.34.4.tgz 300ms (cache miss)
129 http fetch GET 200 https://registry.npmjs.org/tar 285ms (cache miss)
130 silly packumentCache corgi:https://registry.npmjs.org/tar set size:undefined disposed:false
131 silly packumentCache corgi:https://registry.npmjs.org/@tailwindcss%2foxide cache-miss
132 http fetch GET 200 https://registry.npmjs.org/@tailwindcss%2foxide 943ms (cache miss)
133 silly packumentCache corgi:https://registry.npmjs.org/@tailwindcss%2foxide set size:undefined disposed:false
134 http fetch GET 200 https://registry.npmjs.org/@tailwindcss/oxide-darwin-arm64/-/oxide-darwin-arm64-4.1.14.tgz 1709ms (cache miss)
135 http fetch GET 200 https://registry.npmjs.org/lightningcss-darwin-arm64/-/lightningcss-darwin-arm64-1.30.1.tgz 3963ms (cache miss)
136 http fetch GET 200 https://registry.npmjs.org/@img/sharp-libvips-darwin-arm64/-/sharp-libvips-darwin-arm64-1.2.3.tgz 6231ms (cache miss)
137 http fetch GET 200 https://registry.npmjs.org/@next/swc-darwin-arm64/-/swc-darwin-arm64-15.5.4.tgz 17214ms (cache miss)
138 silly ADD node_modules/normalize-wheel
139 silly ADD node_modules/react-easy-crop
140 silly ADD
141 silly ADD
142 silly ADD
143 silly ADD
144 silly ADD
145 silly ADD
146 silly ADD
147 silly ADD node_modules/lightningcss-darwin-arm64
148 silly ADD
149 silly ADD
150 silly ADD
151 silly ADD
152 silly ADD
153 silly ADD
154 silly ADD
155 silly ADD
156 silly ADD node_modules/@tailwindcss/oxide-darwin-arm64
157 silly ADD
158 silly ADD
159 silly ADD
160 silly ADD
161 silly ADD
162 silly ADD
163 silly ADD node_modules/@next/swc-darwin-arm64
164 silly ADD
165 silly ADD
166 silly ADD
167 silly ADD
168 silly ADD
169 silly ADD
170 silly ADD
171 silly ADD
172 silly ADD
173 silly ADD
174 silly ADD
175 silly ADD
176 silly ADD
177 silly ADD
178 silly ADD
179 silly ADD node_modules/@img/sharp-libvips-darwin-arm64
180 silly ADD
181 silly ADD node_modules/@img/sharp-darwin-arm64
182 verbose cwd /Users/sawa/mangamura-project/frontend
183 verbose os Darwin 24.5.0
184 verbose node v22.16.0
185 verbose npm  v10.9.2
186 notice
186 notice New major version of npm available! 10.9.2 -> 11.6.2
186 notice Changelog: https://github.com/npm/cli/releases/tag/v11.6.2
186 notice To update run: npm install -g npm@11.6.2
186 notice  { force: true, [Symbol(proc-log.meta)]: true }
187 verbose exit 0
188 info ok
